# JRE version: Java(TM) SE Runtime Environment (8.0_66-b17) (build 1.8.0_66-b17)
# Java VM: Java HotSpot(TM) Client VM (25.66-b17 mixed mode windows-x86 )
Heap:
 def new generation   total 39424K, used 7395K [0x0f200000, 0x11cc0000, 0x19ca0000)
  eden space 35072K,  17% used [0x0f200000, 0x0f7f3290, 0x11440000)
  from space 4352K,  29% used [0x11440000, 0x11585978, 0x11880000)
  to   space 4352K,   0% used [0x11880000, 0x11880000, 0x11cc0000)
 tenured generation   total 87424K, used 71661K [0x19ca0000, 0x1f200000, 0x2f200000)
   the space 87424K,  81% used [0x19ca0000, 0x1e29b580, 0x1e29b600, 0x1f200000)
 Metaspace       used 19052K, capacity 19523K, committed 19584K, reserved 19840K
GC Heap History (10 events):
Event: 4265.485 GC heap before
{Heap before GC invocations=340 (full 1):
 def new generation   total 39424K, used 36055K [0x0f200000, 0x11cc0000, 0x19ca0000)
  eden space 35072K, 100% used [0x0f200000, 0x11440000, 0x11440000)
  from space 4352K,  22% used [0x11880000, 0x11975c70, 0x11cc0000)
  to   space 4352K,   0% used [0x11440000, 0x11440000, 0x11880000)
 tenured generation   total 87424K, used 71661K [0x19ca0000, 0x1f200000, 0x2f200000)
   the space 87424K,  81% used [0x19ca0000, 0x1e29b580, 0x1e29b600, 0x1f200000)
 Metaspace       used 19052K, capacity 19523K, committed 19584K, reserved 19840K
Event: 4265.488 GC heap after
Heap after GC invocations=341 (full 1):
 def new generation   total 39424K, used 1017K [0x0f200000, 0x11cc0000, 0x19ca0000)
  eden space 35072K,   0% used [0x0f200000, 0x0f200000, 0x11440000)
  from space 4352K,  23% used [0x11440000, 0x1153e7f8, 0x11880000)
  to   space 4352K,   0% used [0x11880000, 0x11880000, 0x11cc0000)
 tenured generation   total 87424K, used 71661K [0x19ca0000, 0x1f200000, 0x2f200000)
   the space 87424K,  81% used [0x19ca0000, 0x1e29b580, 0x1e29b600, 0x1f200000)
 Metaspace       used 19052K, capacity 19523K, committed 19584K, reserved 19840K
}
Event: 4272.245 GC heap before
{Heap before GC invocations=341 (full 1):
 def new generation   total 39424K, used 36089K [0x0f200000, 0x11cc0000, 0x19ca0000)
  eden space 35072K, 100% used [0x0f200000, 0x11440000, 0x11440000)
  from space 4352K,  23% used [0x11440000, 0x1153e7f8, 0x11880000)
  to   space 4352K,   0% used [0x11880000, 0x11880000, 0x11cc0000)
 tenured generation   total 87424K, used 71661K [0x19ca0000, 0x1f200000, 0x2f200000)
   the space 87424K,  81% used [0x19ca0000, 0x1e29b580, 0x1e29b600, 0x1f200000)
 Metaspace       used 19052K, capacity 19523K, committed 19584K, reserved 19840K
Event: 4272.249 GC heap after
Heap after GC invocations=342 (full 1):
 def new generation   total 39424K, used 1056K [0x0f200000, 0x11cc0000, 0x19ca0000)
  eden space 35072K,   0% used [0x0f200000, 0x0f200000, 0x11440000)
  from space 4352K,  24% used [0x11880000, 0x11988030, 0x11cc0000)
  to   space 4352K,   0% used [0x11440000, 0x11440000, 0x11880000)
 tenured generation   total 87424K, used 71661K [0x19ca0000, 0x1f200000, 0x2f200000)
   the space 87424K,  81% used [0x19ca0000, 0x1e29b580, 0x1e29b600, 0x1f200000)
 Metaspace       used 19052K, capacity 19523K, committed 19584K, reserved 19840K
}
Event: 4283.340 GC heap before
{Heap before GC invocations=342 (full 1):
 def new generation   total 39424K, used 36128K [0x0f200000, 0x11cc0000, 0x19ca0000)
  eden space 35072K, 100% used [0x0f200000, 0x11440000, 0x11440000)
  from space 4352K,  24% used [0x11880000, 0x11988030, 0x11cc0000)
  to   space 4352K,   0% used [0x11440000, 0x11440000, 0x11880000)
 tenured generation   total 87424K, used 71661K [0x19ca0000, 0x1f200000, 0x2f200000)
   the space 87424K,  81% used [0x19ca0000, 0x1e29b580, 0x1e29b600, 0x1f200000)
 Metaspace       used 19052K, capacity 19523K, committed 19584K, reserved 19840K
Event: 4283.344 GC heap after
Heap after GC invocations=343 (full 1):
 def new generation   total 39424K, used 1245K [0x0f200000, 0x11cc0000, 0x19ca0000)
  eden space 35072K,   0% used [0x0f200000, 0x0f200000, 0x11440000)
  from space 4352K,  28% used [0x11440000, 0x11577648, 0x11880000)
  to   space 4352K,   0% used [0x11880000, 0x11880000, 0x11cc0000)
 tenured generation   total 87424K, used 71661K [0x19ca0000, 0x1f200000, 0x2f200000)
   the space 87424K,  81% used [0x19ca0000, 0x1e29b580, 0x1e29b600, 0x1f200000)
 Metaspace       used 19052K, capacity 19523K, committed 19584K, reserved 19840K
}
Event: 4290.385 GC heap before
{Heap before GC invocations=343 (full 1):
 def new generation   total 39424K, used 36317K [0x0f200000, 0x11cc0000, 0x19ca0000)
  eden space 35072K, 100% used [0x0f200000, 0x11440000, 0x11440000)
  from space 4352K,  28% used [0x11440000, 0x11577648, 0x11880000)
  to   space 4352K,   0% used [0x11880000, 0x11880000, 0x11cc0000)
 tenured generation   total 87424K, used 71661K [0x19ca0000, 0x1f200000, 0x2f200000)
   the space 87424K,  81% used [0x19ca0000, 0x1e29b580, 0x1e29b600, 0x1f200000)
 Metaspace       used 19052K, capacity 19523K, committed 19584K, reserved 19840K
Event: 4290.388 GC heap after
Heap after GC invocations=344 (full 1):
 def new generation   total 39424K, used 1263K [0x0f200000, 0x11cc0000, 0x19ca0000)
  eden space 35072K,   0% used [0x0f200000, 0x0f200000, 0x11440000)
  from space 4352K,  29% used [0x11880000, 0x119bbfe8, 0x11cc0000)
  to   space 4352K,   0% used [0x11440000, 0x11440000, 0x11880000)
 tenured generation   total 87424K, used 71661K [0x19ca0000, 0x1f200000, 0x2f200000)
   the space 87424K,  81% used [0x19ca0000, 0x1e29b580, 0x1e29b600, 0x1f200000)
 Metaspace       used 19052K, capacity 19523K, committed 19584K, reserved 19840K
}
Event: 4296.798 GC heap before
{Heap before GC invocations=344 (full 1):
 def new generation   total 39424K, used 33147K [0x0f200000, 0x11cc0000, 0x19ca0000)
  eden space 35072K,  90% used [0x0f200000, 0x11122f58, 0x11440000)
  from space 4352K,  29% used [0x11880000, 0x119bbfe8, 0x11cc0000)
  to   space 4352K,   0% used [0x11440000, 0x11440000, 0x11880000)
 tenured generation   total 87424K, used 71661K [0x19ca0000, 0x1f200000, 0x2f200000)
   the space 87424K,  81% used [0x19ca0000, 0x1e29b580, 0x1e29b600, 0x1f200000)
 Metaspace       used 19052K, capacity 19523K, committed 19584K, reserved 19840K
Event: 4296.801 GC heap after
Heap after GC invocations=345 (full 1):
 def new generation   total 39424K, used 1302K [0x0f200000, 0x11cc0000, 0x19ca0000)
  eden space 35072K,   0% used [0x0f200000, 0x0f200000, 0x11440000)
  from space 4352K,  29% used [0x11440000, 0x11585978, 0x11880000)
  to   space 4352K,   0% used [0x11880000, 0x11880000, 0x11cc0000)
 tenured generation   total 87424K, used 71661K [0x19ca0000, 0x1f200000, 0x2f200000)
   the space 87424K,  81% used [0x19ca0000, 0x1e29b580, 0x1e29b600, 0x1f200000)
 Metaspace       used 19052K, capacity 19523K, committed 19584K, reserved 19840K
}

